#
# An unexpected error has occurred (11) Segmentation fault
#
Stack:
/lib64/libc.so.6(+0x4e630) [0x7f6ce0540630]
/lib64/libc.so.6(fwrite+0x22) [0x7f6ce0578bc2]
/share/instsww/xilinx/2025.2/Vivado/lib/lnx64.o/libxv_synth.so(NDesC::dumpPath(UString const&, char const*) const+0xe8) [0x7f6cc0bd4ef8]
/share/instsww/xilinx/2025.2/Vivado/lib/lnx64.o/libxv_synth.so(HARTNDb::writeDesign(UString const&, UString const&, bool)+0xb0) [0x7f6cbf21c3f0]
/share/instsww/xilinx/2025.2/Vivado/lib/lnx64.o/libxv_synth.so(HARTNDb::elaborate(UString const&, bool, bool, char const*)+0x339) [0x7f6cbf22ec79]
/share/instsww/xilinx/2025.2/Vivado/lib/lnx64.o/libxv_synth.so(HARTNDb::synthesize(UString const&, bool, bool, char const*)+0x30f) [0x7f6cbf24adef]
/share/instsww/xilinx/2025.2/Vivado/lib/lnx64.o/libxv_synth.so(+0x206d666) [0x7f6cbffd0666]
/share/instsww/xilinx/2025.2/Vivado/lib/lnx64.o/libxv_synth.so(+0x206d826) [0x7f6cbffd0826]
/share/instsww/xilinx/2025.2/Vivado/lib/lnx64.o/libxv_synth.so(+0x1fc4de2) [0x7f6cbff27de2]
/share/instsww/xilinx/2025.2/Vivado/lib/lnx64.o/libtcl8.6.so(TclNRRunCallbacks+0x47) [0x7f6ce713e497]
/share/instsww/xilinx/2025.2/Vivado/lib/lnx64.o/libxv_commontasks.so(+0x468b67) [0x7f6cce199b67]
/share/instsww/xilinx/2025.2/Vivado/lib/lnx64.o/libtcl8.6.so(TclNRRunCallbacks+0x47) [0x7f6ce713e497]
/share/instsww/xilinx/2025.2/Vivado/lib/lnx64.o/libxv_commontasks.so(+0x468ac4) [0x7f6cce199ac4]
/share/instsww/xilinx/2025.2/Vivado/lib/lnx64.o/libtcl8.6.so(TclNRRunCallbacks+0x47) [0x7f6ce713e497]
/share/instsww/xilinx/2025.2/Vivado/lib/lnx64.o/libtcl8.6.so(+0x45309) [0x7f6ce7140309]
/share/instsww/xilinx/2025.2/Vivado/lib/lnx64.o/libtcl8.6.so(TclSubstTokens+0x4a9) [0x7f6ce7208d59]
/share/instsww/xilinx/2025.2/Vivado/lib/lnx64.o/libtcl8.6.so(+0x45153) [0x7f6ce7140153]
/share/instsww/xilinx/2025.2/Vivado/lib/lnx64.o/libtcl8.6.so(Tcl_FSEvalFileEx+0x1f8) [0x7f6ce71f5ae8]
/share/instsww/xilinx/2025.2/Vivado/lib/lnx64.o/libxv_commontasks.so(+0x48349d) [0x7f6cce1b449d]
/share/instsww/xilinx/2025.2/Vivado/lib/lnx64.o/libxv_common.so(+0x81e9c4) [0x7f6ceabf59c4]
/share/instsww/xilinx/2025.2/Vivado/lib/lnx64.o/libtcl8.6.so(TclNRRunCallbacks+0x47) [0x7f6ce713e497]
/share/instsww/xilinx/2025.2/Vivado/lib/lnx64.o/libxv_common.so(hdi::tcltasks::task_manager::eval_in_tcl(Tcl_Interp*, Tcl_Obj*, char const*, bool)+0xe33) [0x7f6ceabf847f]
/share/instsww/xilinx/2025.2/Vivado/lib/lnx64.o/libxv_common.so(hdi::tcltasks::tclcmdobj::eval(char const*, bool) const+0x19) [0x7f6ceab9917f]
/share/instsww/xilinx/2025.2/Vivado/lib/lnx64.o/libxv_designutils.so(HRTInvoker::inProcessLaunch(HDGUIStatus&)+0x337) [0x7f6cab02d4e7]
/share/instsww/xilinx/2025.2/Vivado/lib/lnx64.o/libxv_designutils.so(HRTInvoker::launch(HDGUIStatus&)+0x2f) [0x7f6cab02dabf]
/share/instsww/xilinx/2025.2/Vivado/lib/lnx64.o/libxv_project.so(HAPRProjUtils::openRodinElabNetlist(HAPRProject*, HAPRDesignSpec const&, HDARPart const*, HDGUIStatus&)+0x8d1) [0x7f6cc8241911]
/share/instsww/xilinx/2025.2/Vivado/lib/lnx64.o/libxv_project.so(HAPRDesign::openNetlist_(HDGUIStatus&)+0x15cb) [0x7f6cc82c21bb]
/share/instsww/xilinx/2025.2/Vivado/lib/lnx64.o/libxv_project.so(HAPRDesign::openAndProcessNetlist_(HDGUIStatus&, bool, bool&, std::map<std::__cxx11::basic_string<char, std::char_traits<char>, std::allocator<char> >, std::__cxx11::basic_string<char, std::char_traits<char>, std::allocator<char> >, std::less<std::__cxx11::basic_string<char, std::char_traits<char>, std::allocator<char> > >, std::allocator<std::pair<std::__cxx11::basic_string<char, std::char_traits<char>, std::allocator<char> > const, std::__cxx11::basic_string<char, std::char_traits<char>, std::allocator<char> > > > >&)+0x203) [0x7f6cc82c8163]
/share/instsww/xilinx/2025.2/Vivado/lib/lnx64.o/libxv_project.so(HAPRDesign::refreshDesign(HDGUIStatus&)+0x3cf) [0x7f6cc82caaaf]
/share/instsww/xilinx/2025.2/Vivado/lib/lnx64.o/libxv_project.so(HAPRDesign::openAsSpec(HAPRDesignSpec const&, HDGUIStatus&)+0x31) [0x7f6cc82cdfc1]
/share/instsww/xilinx/2025.2/Vivado/lib/lnx64.o/libxv_project.so(HAPRProject::openDesign_(HAPRDesignSpec const&, HDGUIStatus&)+0x15f) [0x7f6cc834c72f]
/share/instsww/xilinx/2025.2/Vivado/lib/lnx64.o/libxv_project.so(HAPRProject::elaborate(HDARPart const*, HADAFileSet*, HADAFileSet*, std::__cxx11::basic_string<char, std::char_traits<char>, std::allocator<char> > const&, bool, std::__cxx11::basic_string<char, std::char_traits<char>, std::allocator<char> > const&, bool, bool, int, bool, bool, std::__cxx11::basic_string<char, std::char_traits<char>, std::allocator<char> > const&, bool, std::__cxx11::basic_string<char, std::char_traits<char>, std::allocator<char> >, bool, bool, bool, bool, int, bool, bool, bool, bool, HDGUIStatus&, BlockModelElabOptions*)+0x324) [0x7f6cc834da14]
/share/instsww/xilinx/2025.2/Vivado/lib/lnx64.o/libxv_vivadotasks.so(+0x5518bb) [0x7f6cc8e828bb]
/share/instsww/xilinx/2025.2/Vivado/lib/lnx64.o/libxv_vivadotasks.so(+0x55466e) [0x7f6cc8e8566e]
/share/instsww/xilinx/2025.2/Vivado/lib/lnx64.o/libxv_common.so(+0x81e9c4) [0x7f6ceabf59c4]
/share/instsww/xilinx/2025.2/Vivado/lib/lnx64.o/libtcl8.6.so(TclNRRunCallbacks+0x47) [0x7f6ce713e497]
/share/instsww/xilinx/2025.2/Vivado/lib/lnx64.o/libtcl8.6.so(+0x45309) [0x7f6ce7140309]
/share/instsww/xilinx/2025.2/Vivado/lib/lnx64.o/libtcl8.6.so(Tcl_FSEvalFileEx+0x1f8) [0x7f6ce71f5ae8]
/share/instsww/xilinx/2025.2/Vivado/lib/lnx64.o/libxv_commontasks.so(+0x48349d) [0x7f6cce1b449d]
/share/instsww/xilinx/2025.2/Vivado/lib/lnx64.o/libxv_common.so(+0x81e9c4) [0x7f6ceabf59c4]
/share/instsww/xilinx/2025.2/Vivado/lib/lnx64.o/libtcl8.6.so(TclNRRunCallbacks+0x47) [0x7f6ce713e497]
/share/instsww/xilinx/2025.2/Vivado/lib/lnx64.o/libxv_commontasks.so(+0x45b5f8) [0x7f6cce18c5f8]
/share/instsww/xilinx/2025.2/Vivado/lib/lnx64.o/libxv_commontasks.so(+0x45caed) [0x7f6cce18daed]
/share/instsww/xilinx/2025.2/Vivado/lib/lnx64.o/libxv_common.so(+0x81e9c4) [0x7f6ceabf59c4]
/share/instsww/xilinx/2025.2/Vivado/lib/lnx64.o/libtcl8.6.so(TclNRRunCallbacks+0x47) [0x7f6ce713e497]
/share/instsww/xilinx/2025.2/Vivado/lib/lnx64.o/libxv_commonmain.so(+0x12dfb) [0x7f6ceb7a3dfb]
/share/instsww/xilinx/2025.2/Vivado/lib/lnx64.o/libtcl8.6.so(Tcl_MainEx+0x1a8) [0x7f6ce71fd038]
/share/instsww/xilinx/2025.2/Vivado/lib/lnx64.o/libxv_common.so(+0xada064) [0x7f6ceaeb1064]
/lib64/libpthread.so.0(+0x81ca) [0x7f6ce02da1ca]
/lib64/libc.so.6(clone+0x43) [0x7f6ce052b953]
